\BOOKMARK [0][-]{chapter.1}{\376\377\0001\000\040\000M\000a\000i\000n\000\040\000P\000a\000g\000e}{}% 1
\BOOKMARK [0][-]{chapter.2}{\376\377\0002\000\040\000T\000o\000d\000o\000\040\000L\000i\000s\000t}{}% 2
\BOOKMARK [0][-]{chapter.3}{\376\377\0003\000\040\000H\000i\000e\000r\000a\000r\000c\000h\000i\000c\000a\000l\000\040\000I\000n\000d\000e\000x}{}% 3
\BOOKMARK [1][-]{section.3.1}{\376\377\0003\000.\0001\000\040\000C\000l\000a\000s\000s\000\040\000H\000i\000e\000r\000a\000r\000c\000h\000y}{chapter.3}% 4
\BOOKMARK [0][-]{chapter.4}{\376\377\0004\000\040\000C\000l\000a\000s\000s\000\040\000I\000n\000d\000e\000x}{}% 5
\BOOKMARK [1][-]{section.4.1}{\376\377\0004\000.\0001\000\040\000C\000l\000a\000s\000s\000\040\000L\000i\000s\000t}{chapter.4}% 6
\BOOKMARK [0][-]{chapter.5}{\376\377\0005\000\040\000F\000i\000l\000e\000\040\000I\000n\000d\000e\000x}{}% 7
\BOOKMARK [1][-]{section.5.1}{\376\377\0005\000.\0001\000\040\000F\000i\000l\000e\000\040\000L\000i\000s\000t}{chapter.5}% 8
\BOOKMARK [0][-]{chapter.6}{\376\377\0006\000\040\000C\000l\000a\000s\000s\000\040\000D\000o\000c\000u\000m\000e\000n\000t\000a\000t\000i\000o\000n}{}% 9
\BOOKMARK [1][-]{section.6.1}{\376\377\0006\000.\0001\000\040\000D\000i\000r\000e\000c\000t\000R\000e\000g\000i\000s\000t\000r\000y\000A\000c\000c\000e\000s\000s\000\040\000C\000l\000a\000s\000s\000\040\000R\000e\000f\000e\000r\000e\000n\000c\000e}{chapter.6}% 10
\BOOKMARK [1][-]{section.6.2}{\376\377\0006\000.\0002\000\040\000E\000x\000a\000m\000p\000l\000e\000C\000l\000a\000s\000s\000\040\000C\000l\000a\000s\000s\000\040\000R\000e\000f\000e\000r\000e\000n\000c\000e}{chapter.6}% 11
\BOOKMARK [2][-]{subsection.6.2.1}{\376\377\0006\000.\0002\000.\0001\000\040\000D\000e\000t\000a\000i\000l\000e\000d\000\040\000D\000e\000s\000c\000r\000i\000p\000t\000i\000o\000n}{section.6.2}% 12
\BOOKMARK [2][-]{subsection.6.2.2}{\376\377\0006\000.\0002\000.\0002\000\040\000M\000e\000m\000b\000e\000r\000\040\000E\000n\000u\000m\000e\000r\000a\000t\000i\000o\000n\000\040\000D\000o\000c\000u\000m\000e\000n\000t\000a\000t\000i\000o\000n}{section.6.2}% 13
\BOOKMARK [3][-]{subsubsection.6.2.2.1}{\376\377\0006\000.\0002\000.\0002\000.\0001\000\040\000a\000n\000o\000n\000y\000m\000o\000u\000s\000\040\000e\000n\000u\000m}{subsection.6.2.2}% 14
\BOOKMARK [3][-]{subsubsection.6.2.2.2}{\376\377\0006\000.\0002\000.\0002\000.\0002\000\040\000M\000y\000E\000n\000u\000m}{subsection.6.2.2}% 15
\BOOKMARK [3][-]{subsubsection.6.2.2.3}{\376\377\0006\000.\0002\000.\0002\000.\0003\000\040\000M\000y\000E\000n\000u\000m\000C\000l\000a\000s\000s}{subsection.6.2.2}% 16
\BOOKMARK [2][-]{subsection.6.2.3}{\376\377\0006\000.\0002\000.\0003\000\040\000M\000e\000m\000b\000e\000r\000\040\000F\000u\000n\000c\000t\000i\000o\000n\000\040\000D\000o\000c\000u\000m\000e\000n\000t\000a\000t\000i\000o\000n}{section.6.2}% 17
\BOOKMARK [3][-]{subsubsection.6.2.3.1}{\376\377\0006\000.\0002\000.\0003\000.\0001\000\040\000g\000e\000t\000P\000r\000o\000t\000e\000c\000t\000e\000d\000V\000a\000r\000i\000a\000b\000l\000e\000\050\000\051}{subsection.6.2.3}% 18
\BOOKMARK [3][-]{subsubsection.6.2.3.2}{\376\377\0006\000.\0002\000.\0003\000.\0002\000\040\000s\000e\000t\000P\000r\000o\000t\000e\000c\000t\000e\000d\000V\000a\000r\000i\000a\000b\000l\000e\000\050\000i\000n\000t\000\040\000v\000a\000l\000u\000e\000\137\000t\000o\000\137\000s\000e\000t\000\051}{subsection.6.2.3}% 19
\BOOKMARK [2][-]{subsection.6.2.4}{\376\377\0006\000.\0002\000.\0004\000\040\000M\000e\000m\000b\000e\000r\000\040\000D\000a\000t\000a\000\040\000D\000o\000c\000u\000m\000e\000n\000t\000a\000t\000i\000o\000n}{section.6.2}% 20
\BOOKMARK [3][-]{subsubsection.6.2.4.1}{\376\377\0006\000.\0002\000.\0004\000.\0001\000\040\000d\000e\000t\000a\000i\000l\000e\000d\000V\000a\000r\000i\000a\000b\000l\000e}{subsection.6.2.4}% 21
\BOOKMARK [3][-]{subsubsection.6.2.4.2}{\376\377\0006\000.\0002\000.\0004\000.\0002\000\040\000i\000n\000l\000i\000n\000e\000D\000o\000c\000s\000t\000r\000i\000n\000g}{subsection.6.2.4}% 22
\BOOKMARK [3][-]{subsubsection.6.2.4.3}{\376\377\0006\000.\0002\000.\0004\000.\0003\000\040\000m\000a\000r\000k\000d\000o\000w\000n\000V\000a\000r\000i\000a\000b\000l\000e}{subsection.6.2.4}% 23
\BOOKMARK [3][-]{subsubsection.6.2.4.4}{\376\377\0006\000.\0002\000.\0004\000.\0004\000\040\000m\000y\000E\000n\000u\000m\000C\000a\000s\000e}{subsection.6.2.4}% 24
\BOOKMARK [3][-]{subsubsection.6.2.4.5}{\376\377\0006\000.\0002\000.\0004\000.\0005\000\040\000s\000t\000a\000n\000d\000a\000r\000d\000D\000o\000c\000s\000t\000r\000i\000n\000g}{subsection.6.2.4}% 25
\BOOKMARK [1][-]{section.6.3}{\376\377\0006\000.\0003\000\040\000E\000x\000t\000e\000n\000s\000i\000o\000n\000H\000i\000s\000t\000o\000r\000y\000\040\000C\000l\000a\000s\000s\000\040\000R\000e\000f\000e\000r\000e\000n\000c\000e}{chapter.6}% 26
\BOOKMARK [1][-]{section.6.4}{\376\377\0006\000.\0004\000\040\000I\000m\000a\000g\000e\000E\000n\000t\000r\000y\000\040\000C\000l\000a\000s\000s\000\040\000R\000e\000f\000e\000r\000e\000n\000c\000e}{chapter.6}% 27
\BOOKMARK [1][-]{section.6.5}{\376\377\0006\000.\0005\000\040\000K\000e\000y\000P\000a\000t\000h\000\040\000C\000l\000a\000s\000s\000\040\000R\000e\000f\000e\000r\000e\000n\000c\000e}{chapter.6}% 28
\BOOKMARK [1][-]{section.6.6}{\376\377\0006\000.\0006\000\040\000K\000e\000y\000S\000e\000r\000v\000i\000c\000e\000\040\000C\000l\000a\000s\000s\000\040\000R\000e\000f\000e\000r\000e\000n\000c\000e}{chapter.6}% 29
\BOOKMARK [2][-]{subsection.6.6.1}{\376\377\0006\000.\0006\000.\0001\000\040\000M\000e\000m\000b\000e\000r\000\040\000D\000a\000t\000a\000\040\000D\000o\000c\000u\000m\000e\000n\000t\000a\000t\000i\000o\000n}{section.6.6}% 30
\BOOKMARK [3][-]{subsubsection.6.6.1.1}{\376\377\0006\000.\0006\000.\0001\000.\0001\000\040\000A\000L\000T\000E\000R\000N\000A\000T\000E\000\137\000K\000E\000Y\000\137\000N\000A\000M\000E\000\137\000M\000A\000P}{subsection.6.6.1}% 31
\BOOKMARK [3][-]{subsubsection.6.6.1.2}{\376\377\0006\000.\0006\000.\0001\000.\0002\000\040\000P\000R\000E\000D\000E\000F\000I\000N\000E\000D\000\137\000R\000O\000O\000T\000\137\000K\000E\000Y\000S}{subsection.6.6.1}% 32
\BOOKMARK [1][-]{section.6.7}{\376\377\0006\000.\0007\000\040\000M\000a\000n\000a\000g\000e\000r\000\040\000C\000l\000a\000s\000s\000\040\000R\000e\000f\000e\000r\000e\000n\000c\000e}{chapter.6}% 33
\BOOKMARK [2][-]{subsection.6.7.1}{\376\377\0006\000.\0007\000.\0001\000\040\000M\000e\000m\000b\000e\000r\000\040\000D\000a\000t\000a\000\040\000D\000o\000c\000u\000m\000e\000n\000t\000a\000t\000i\000o\000n}{section.6.7}% 34
\BOOKMARK [3][-]{subsubsection.6.7.1.1}{\376\377\0006\000.\0007\000.\0001\000.\0001\000\040\000I\000C\000O\000N\000\137\000M\000A\000G\000I\000C\000\137\000C\000A\000C\000H\000E\000\137\000N\000A\000M\000E}{subsection.6.7.1}% 35
\BOOKMARK [1][-]{section.6.8}{\376\377\0006\000.\0008\000\040\000M\000e\000n\000u\000\040\000C\000l\000a\000s\000s\000\040\000R\000e\000f\000e\000r\000e\000n\000c\000e}{chapter.6}% 36
\BOOKMARK [1][-]{section.6.9}{\376\377\0006\000.\0009\000\040\000M\000e\000n\000u\000B\000r\000a\000n\000c\000h\000\040\000C\000l\000a\000s\000s\000\040\000R\000e\000f\000e\000r\000e\000n\000c\000e}{chapter.6}% 37
\BOOKMARK [1][-]{section.6.10}{\376\377\0006\000.\0001\0000\000\040\000M\000e\000n\000u\000E\000x\000i\000t\000\040\000C\000l\000a\000s\000s\000\040\000R\000e\000f\000e\000r\000e\000n\000c\000e}{chapter.6}% 38
\BOOKMARK [1][-]{section.6.11}{\376\377\0006\000.\0001\0001\000\040\000M\000e\000n\000u\000F\000a\000c\000t\000o\000r\000y\000\040\000C\000l\000a\000s\000s\000\040\000R\000e\000f\000e\000r\000e\000n\000c\000e}{chapter.6}% 39
\BOOKMARK [1][-]{section.6.12}{\376\377\0006\000.\0001\0002\000\040\000M\000e\000n\000u\000L\000e\000a\000f\000\040\000C\000l\000a\000s\000s\000\040\000R\000e\000f\000e\000r\000e\000n\000c\000e}{chapter.6}% 40
\BOOKMARK [1][-]{section.6.13}{\376\377\0006\000.\0001\0003\000\040\000M\000e\000n\000u\000M\000a\000n\000a\000g\000e\000r\000\040\000C\000l\000a\000s\000s\000\040\000R\000e\000f\000e\000r\000e\000n\000c\000e}{chapter.6}% 41
\BOOKMARK [1][-]{section.6.14}{\376\377\0006\000.\0001\0004\000\040\000R\000e\000g\000i\000s\000t\000r\000y\000A\000c\000c\000e\000s\000s\000E\000x\000c\000e\000p\000t\000i\000o\000n\000\040\000C\000l\000a\000s\000s\000\040\000R\000e\000f\000e\000r\000e\000n\000c\000e}{chapter.6}% 42
\BOOKMARK [1][-]{section.6.15}{\376\377\0006\000.\0001\0005\000\040\000R\000e\000g\000i\000s\000t\000r\000y\000H\000i\000s\000t\000o\000r\000y\000\040\000C\000l\000a\000s\000s\000\040\000R\000e\000f\000e\000r\000e\000n\000c\000e}{chapter.6}% 43
\BOOKMARK [2][-]{subsection.6.15.1}{\376\377\0006\000.\0001\0005\000.\0001\000\040\000M\000e\000m\000b\000e\000r\000\040\000F\000u\000n\000c\000t\000i\000o\000n\000\040\000D\000o\000c\000u\000m\000e\000n\000t\000a\000t\000i\000o\000n}{section.6.15}% 44
\BOOKMARK [3][-]{subsubsection.6.15.1.1}{\376\377\0006\000.\0001\0005\000.\0001\000.\0001\000\040\000r\000e\000a\000d\000H\000i\000s\000t\000o\000r\000y\000\050\000\051}{subsection.6.15.1}% 45
\BOOKMARK [3][-]{subsubsection.6.15.1.2}{\376\377\0006\000.\0001\0005\000.\0001\000.\0002\000\040\000s\000e\000t\000H\000i\000s\000t\000o\000r\000y\000F\000i\000l\000e\000N\000a\000m\000e\000\050\000s\000t\000d\000:\000:\000s\000t\000r\000i\000n\000g\000\040\000h\000i\000s\000t\000o\000r\000y\000\137\000f\000i\000l\000e\000\137\000n\000a\000m\000e\000\051}{subsection.6.15.1}% 46
\BOOKMARK [3][-]{subsubsection.6.15.1.3}{\376\377\0006\000.\0001\0005\000.\0001\000.\0003\000\040\000w\000r\000i\000t\000e\000H\000i\000s\000t\000o\000r\000y\000\050\000\051}{subsection.6.15.1}% 47
\BOOKMARK [1][-]{section.6.16}{\376\377\0006\000.\0001\0006\000\040\000R\000e\000g\000i\000s\000t\000r\000y\000S\000c\000a\000n\000E\000x\000c\000e\000p\000t\000i\000o\000n\000\040\000C\000l\000a\000s\000s\000\040\000R\000e\000f\000e\000r\000e\000n\000c\000e}{chapter.6}% 48
\BOOKMARK [1][-]{section.6.17}{\376\377\0006\000.\0001\0007\000\040\000R\000e\000g\000i\000s\000t\000r\000y\000S\000c\000a\000n\000n\000e\000r\000\040\000C\000l\000a\000s\000s\000\040\000R\000e\000f\000e\000r\000e\000n\000c\000e}{chapter.6}% 49
\BOOKMARK [1][-]{section.6.18}{\376\377\0006\000.\0001\0008\000\040\000S\000c\000a\000n\000T\000o\000o\000l\000\040\000C\000l\000a\000s\000s\000\040\000R\000e\000f\000e\000r\000e\000n\000c\000e}{chapter.6}% 50
\BOOKMARK [1][-]{section.6.19}{\376\377\0006\000.\0001\0009\000\040\000S\000i\000m\000p\000l\000e\000R\000e\000g\000i\000s\000t\000r\000y\000A\000c\000c\000e\000s\000s\000\040\000C\000l\000a\000s\000s\000\040\000R\000e\000f\000e\000r\000e\000n\000c\000e}{chapter.6}% 51
\BOOKMARK [1][-]{section.6.20}{\376\377\0006\000.\0002\0000\000\040\000T\000e\000s\000t\000F\000r\000a\000m\000e\000w\000o\000r\000k\000\040\000C\000l\000a\000s\000s\000\040\000R\000e\000f\000e\000r\000e\000n\000c\000e}{chapter.6}% 52
\BOOKMARK [2][-]{subsection.6.20.1}{\376\377\0006\000.\0002\0000\000.\0001\000\040\000C\000o\000n\000s\000t\000r\000u\000c\000t\000o\000r\000\040\000\046\000\040\000D\000e\000s\000t\000r\000u\000c\000t\000o\000r\000\040\000D\000o\000c\000u\000m\000e\000n\000t\000a\000t\000i\000o\000n}{section.6.20}% 53
\BOOKMARK [3][-]{subsubsection.6.20.1.1}{\376\377\0006\000.\0002\0000\000.\0001\000.\0001\000\040\000T\000e\000s\000t\000F\000r\000a\000m\000e\000w\000o\000r\000k\000\050\000\051}{subsection.6.20.1}% 54
\BOOKMARK [3][-]{subsubsection.6.20.1.2}{\376\377\0006\000.\0002\0000\000.\0001\000.\0002\000\040\000T\000e\000s\000t\000F\000r\000a\000m\000e\000w\000o\000r\000k\000\050\000\051}{subsection.6.20.1}% 55
\BOOKMARK [2][-]{subsection.6.20.2}{\376\377\0006\000.\0002\0000\000.\0002\000\040\000M\000e\000m\000b\000e\000r\000\040\000F\000u\000n\000c\000t\000i\000o\000n\000\040\000D\000o\000c\000u\000m\000e\000n\000t\000a\000t\000i\000o\000n}{section.6.20}% 56
\BOOKMARK [3][-]{subsubsection.6.20.2.1}{\376\377\0006\000.\0002\0000\000.\0002\000.\0001\000\040\000a\000d\000d\000T\000e\000s\000t\000\050\000s\000t\000d\000:\000:\000f\000u\000n\000c\000t\000i\000o\000n\000<\000\040\000b\000o\000o\000l\000\050\000v\000o\000i\000d\000\051\000>\000\040\000t\000e\000s\000t\000F\000u\000n\000c\000t\000i\000o\000n\000\051}{subsection.6.20.2}% 57
\BOOKMARK [3][-]{subsubsection.6.20.2.2}{\376\377\0006\000.\0002\0000\000.\0002\000.\0002\000\040\000e\000x\000e\000c\000u\000t\000e\000\050\000\051}{subsection.6.20.2}% 58
\BOOKMARK [3][-]{subsubsection.6.20.2.3}{\376\377\0006\000.\0002\0000\000.\0002\000.\0003\000\040\000g\000e\000t\000T\000e\000s\000t\000s\000S\000t\000a\000t\000u\000s\000\050\000\051}{subsection.6.20.2}% 59
\BOOKMARK [3][-]{subsubsection.6.20.2.4}{\376\377\0006\000.\0002\0000\000.\0002\000.\0004\000\040\000g\000e\000t\000T\000o\000t\000a\000l\000T\000e\000s\000t\000s\000R\000u\000n\000\050\000\051}{subsection.6.20.2}% 60
\BOOKMARK [3][-]{subsubsection.6.20.2.5}{\376\377\0006\000.\0002\0000\000.\0002\000.\0005\000\040\000g\000e\000t\000T\000o\000t\000a\000l\000T\000e\000s\000t\000s\000R\000u\000n\000S\000u\000c\000c\000e\000s\000s\000f\000u\000l\000l\000y\000\050\000\051}{subsection.6.20.2}% 61
\BOOKMARK [0][-]{chapter.7}{\376\377\0007\000\040\000F\000i\000l\000e\000\040\000D\000o\000c\000u\000m\000e\000n\000t\000a\000t\000i\000o\000n}{}% 62
\BOOKMARK [1][-]{section.7.1}{\376\377\0007\000.\0001\000\040\000D\000:\000/\000U\000s\000e\000r\000s\000/\000G\000r\000e\000g\000o\000r\000y\000/\000O\000n\000e\000D\000r\000i\000v\000e\000/\000G\000i\000t\000H\000u\000b\000/\000I\000c\000o\000n\000M\000a\000g\000i\000c\000/\000S\000o\000u\000r\000c\000e\000/\000d\000o\000x\000y\000g\000e\000n\000/\000e\000x\000a\000m\000p\000l\000e\000.\000h\000p\000p\000\040\000F\000i\000l\000e\000\040\000R\000e\000f\000e\000r\000e\000n\000c\000e}{chapter.7}% 63
\BOOKMARK [2][-]{subsection.7.1.1}{\376\377\0007\000.\0001\000.\0001\000\040\000D\000e\000t\000a\000i\000l\000e\000d\000\040\000D\000e\000s\000c\000r\000i\000p\000t\000i\000o\000n}{section.7.1}% 64
\BOOKMARK [1][-]{section.7.2}{\376\377\0007\000.\0002\000\040\000D\000:\000/\000U\000s\000e\000r\000s\000/\000G\000r\000e\000g\000o\000r\000y\000/\000O\000n\000e\000D\000r\000i\000v\000e\000/\000G\000i\000t\000H\000u\000b\000/\000I\000c\000o\000n\000M\000a\000g\000i\000c\000/\000S\000o\000u\000r\000c\000e\000/\000m\000a\000i\000n\000.\000c\000p\000p\000\040\000F\000i\000l\000e\000\040\000R\000e\000f\000e\000r\000e\000n\000c\000e}{chapter.7}% 65
\BOOKMARK [2][-]{subsection.7.2.1}{\376\377\0007\000.\0002\000.\0001\000\040\000D\000e\000t\000a\000i\000l\000e\000d\000\040\000D\000e\000s\000c\000r\000i\000p\000t\000i\000o\000n}{section.7.2}% 66
\BOOKMARK [1][-]{section.7.3}{\376\377\0007\000.\0003\000\040\000D\000:\000/\000U\000s\000e\000r\000s\000/\000G\000r\000e\000g\000o\000r\000y\000/\000O\000n\000e\000D\000r\000i\000v\000e\000/\000G\000i\000t\000H\000u\000b\000/\000I\000c\000o\000n\000M\000a\000g\000i\000c\000/\000S\000o\000u\000r\000c\000e\000/\000m\000a\000i\000n\000/\000I\000c\000o\000n\000M\000a\000g\000i\000c\000.\000c\000p\000p\000\040\000F\000i\000l\000e\000\040\000R\000e\000f\000e\000r\000e\000n\000c\000e}{chapter.7}% 67
\BOOKMARK [2][-]{subsection.7.3.1}{\376\377\0007\000.\0003\000.\0001\000\040\000D\000e\000t\000a\000i\000l\000e\000d\000\040\000D\000e\000s\000c\000r\000i\000p\000t\000i\000o\000n}{section.7.3}% 68
\BOOKMARK [1][-]{section.7.4}{\376\377\0007\000.\0004\000\040\000D\000:\000/\000U\000s\000e\000r\000s\000/\000G\000r\000e\000g\000o\000r\000y\000/\000O\000n\000e\000D\000r\000i\000v\000e\000/\000G\000i\000t\000H\000u\000b\000/\000I\000c\000o\000n\000M\000a\000g\000i\000c\000/\000S\000o\000u\000r\000c\000e\000/\000m\000a\000i\000n\000/\000I\000c\000o\000n\000M\000a\000g\000i\000c\000.\000h\000p\000p\000\040\000F\000i\000l\000e\000\040\000R\000e\000f\000e\000r\000e\000n\000c\000e}{chapter.7}% 69
\BOOKMARK [2][-]{subsection.7.4.1}{\376\377\0007\000.\0004\000.\0001\000\040\000D\000e\000t\000a\000i\000l\000e\000d\000\040\000D\000e\000s\000c\000r\000i\000p\000t\000i\000o\000n}{section.7.4}% 70
\BOOKMARK [1][-]{section.7.5}{\376\377\0007\000.\0005\000\040\000D\000:\000/\000U\000s\000e\000r\000s\000/\000G\000r\000e\000g\000o\000r\000y\000/\000O\000n\000e\000D\000r\000i\000v\000e\000/\000G\000i\000t\000H\000u\000b\000/\000I\000c\000o\000n\000M\000a\000g\000i\000c\000/\000S\000o\000u\000r\000c\000e\000/\000m\000a\000i\000n\000/\000M\000a\000n\000a\000g\000e\000r\000.\000c\000p\000p\000\040\000F\000i\000l\000e\000\040\000R\000e\000f\000e\000r\000e\000n\000c\000e}{chapter.7}% 71
\BOOKMARK [2][-]{subsection.7.5.1}{\376\377\0007\000.\0005\000.\0001\000\040\000D\000e\000t\000a\000i\000l\000e\000d\000\040\000D\000e\000s\000c\000r\000i\000p\000t\000i\000o\000n}{section.7.5}% 72
\BOOKMARK [1][-]{section.7.6}{\376\377\0007\000.\0006\000\040\000D\000:\000/\000U\000s\000e\000r\000s\000/\000G\000r\000e\000g\000o\000r\000y\000/\000O\000n\000e\000D\000r\000i\000v\000e\000/\000G\000i\000t\000H\000u\000b\000/\000I\000c\000o\000n\000M\000a\000g\000i\000c\000/\000S\000o\000u\000r\000c\000e\000/\000m\000a\000i\000n\000/\000M\000a\000n\000a\000g\000e\000r\000.\000h\000p\000p\000\040\000F\000i\000l\000e\000\040\000R\000e\000f\000e\000r\000e\000n\000c\000e}{chapter.7}% 73
\BOOKMARK [2][-]{subsection.7.6.1}{\376\377\0007\000.\0006\000.\0001\000\040\000D\000e\000t\000a\000i\000l\000e\000d\000\040\000D\000e\000s\000c\000r\000i\000p\000t\000i\000o\000n}{section.7.6}% 74
\BOOKMARK [1][-]{section.7.7}{\376\377\0007\000.\0007\000\040\000D\000:\000/\000U\000s\000e\000r\000s\000/\000G\000r\000e\000g\000o\000r\000y\000/\000O\000n\000e\000D\000r\000i\000v\000e\000/\000G\000i\000t\000H\000u\000b\000/\000I\000c\000o\000n\000M\000a\000g\000i\000c\000/\000S\000o\000u\000r\000c\000e\000/\000m\000a\000i\000n\000/\000R\000e\000g\000i\000s\000t\000r\000y\000/\000H\000i\000s\000t\000o\000r\000y\000/\000R\000e\000g\000i\000s\000t\000r\000y\000H\000i\000s\000t\000o\000r\000y\000.\000c\000p\000p\000\040\000F\000i\000l\000e\000\040\000R\000e\000f\000e\000r\000e\000n\000c\000e}{chapter.7}% 75
\BOOKMARK [2][-]{subsection.7.7.1}{\376\377\0007\000.\0007\000.\0001\000\040\000D\000e\000t\000a\000i\000l\000e\000d\000\040\000D\000e\000s\000c\000r\000i\000p\000t\000i\000o\000n}{section.7.7}% 76
\BOOKMARK [1][-]{section.7.8}{\376\377\0007\000.\0008\000\040\000D\000:\000/\000U\000s\000e\000r\000s\000/\000G\000r\000e\000g\000o\000r\000y\000/\000O\000n\000e\000D\000r\000i\000v\000e\000/\000G\000i\000t\000H\000u\000b\000/\000I\000c\000o\000n\000M\000a\000g\000i\000c\000/\000S\000o\000u\000r\000c\000e\000/\000m\000a\000i\000n\000/\000S\000y\000s\000t\000e\000m\000V\000a\000l\000i\000d\000a\000t\000i\000o\000n\000.\000c\000p\000p\000\040\000F\000i\000l\000e\000\040\000R\000e\000f\000e\000r\000e\000n\000c\000e}{chapter.7}% 77
\BOOKMARK [2][-]{subsection.7.8.1}{\376\377\0007\000.\0008\000.\0001\000\040\000D\000e\000t\000a\000i\000l\000e\000d\000\040\000D\000e\000s\000c\000r\000i\000p\000t\000i\000o\000n}{section.7.8}% 78
\BOOKMARK [2][-]{subsection.7.8.2}{\376\377\0007\000.\0008\000.\0002\000\040\000F\000u\000n\000c\000t\000i\000o\000n\000\040\000D\000o\000c\000u\000m\000e\000n\000t\000a\000t\000i\000o\000n}{section.7.8}% 79
\BOOKMARK [3][-]{subsubsection.7.8.2.1}{\376\377\0007\000.\0008\000.\0002\000.\0001\000\040\000w\000i\000n\000d\000o\000w\000s\000V\000e\000r\000s\000i\000o\000n\000\050\000\051}{subsection.7.8.2}% 80
\BOOKMARK [1][-]{section.7.9}{\376\377\0007\000.\0009\000\040\000D\000:\000/\000U\000s\000e\000r\000s\000/\000G\000r\000e\000g\000o\000r\000y\000/\000O\000n\000e\000D\000r\000i\000v\000e\000/\000G\000i\000t\000H\000u\000b\000/\000I\000c\000o\000n\000M\000a\000g\000i\000c\000/\000S\000o\000u\000r\000c\000e\000/\000m\000a\000i\000n\000/\000S\000y\000s\000t\000e\000m\000V\000a\000l\000i\000d\000a\000t\000i\000o\000n\000.\000h\000p\000p\000\040\000F\000i\000l\000e\000\040\000R\000e\000f\000e\000r\000e\000n\000c\000e}{chapter.7}% 81
\BOOKMARK [2][-]{subsection.7.9.1}{\376\377\0007\000.\0009\000.\0001\000\040\000D\000e\000t\000a\000i\000l\000e\000d\000\040\000D\000e\000s\000c\000r\000i\000p\000t\000i\000o\000n}{section.7.9}% 82
\BOOKMARK [1][-]{section.7.10}{\376\377\0007\000.\0001\0000\000\040\000D\000:\000/\000U\000s\000e\000r\000s\000/\000G\000r\000e\000g\000o\000r\000y\000/\000O\000n\000e\000D\000r\000i\000v\000e\000/\000G\000i\000t\000H\000u\000b\000/\000I\000c\000o\000n\000M\000a\000g\000i\000c\000/\000S\000o\000u\000r\000c\000e\000/\000m\000a\000i\000n\000/\000T\000e\000x\000t\000U\000I\000.\000c\000p\000p\000\040\000F\000i\000l\000e\000\040\000R\000e\000f\000e\000r\000e\000n\000c\000e}{chapter.7}% 83
\BOOKMARK [2][-]{subsection.7.10.1}{\376\377\0007\000.\0001\0000\000.\0001\000\040\000D\000e\000t\000a\000i\000l\000e\000d\000\040\000D\000e\000s\000c\000r\000i\000p\000t\000i\000o\000n}{section.7.10}% 84
\BOOKMARK [1][-]{section.7.11}{\376\377\0007\000.\0001\0001\000\040\000D\000:\000/\000U\000s\000e\000r\000s\000/\000G\000r\000e\000g\000o\000r\000y\000/\000O\000n\000e\000D\000r\000i\000v\000e\000/\000G\000i\000t\000H\000u\000b\000/\000I\000c\000o\000n\000M\000a\000g\000i\000c\000/\000S\000o\000u\000r\000c\000e\000/\000m\000a\000i\000n\000/\000T\000e\000x\000t\000U\000I\000.\000h\000p\000p\000\040\000F\000i\000l\000e\000\040\000R\000e\000f\000e\000r\000e\000n\000c\000e}{chapter.7}% 85
\BOOKMARK [2][-]{subsection.7.11.1}{\376\377\0007\000.\0001\0001\000.\0001\000\040\000D\000e\000t\000a\000i\000l\000e\000d\000\040\000D\000e\000s\000c\000r\000i\000p\000t\000i\000o\000n}{section.7.11}% 86
\BOOKMARK [1][-]{section.7.12}{\376\377\0007\000.\0001\0002\000\040\000D\000:\000/\000U\000s\000e\000r\000s\000/\000G\000r\000e\000g\000o\000r\000y\000/\000O\000n\000e\000D\000r\000i\000v\000e\000/\000G\000i\000t\000H\000u\000b\000/\000I\000c\000o\000n\000M\000a\000g\000i\000c\000/\000S\000o\000u\000r\000c\000e\000/\000m\000a\000i\000n\000/\000W\000i\000n\000d\000o\000w\000s\000T\000o\000o\000l\000b\000o\000x\000.\000c\000p\000p\000\040\000F\000i\000l\000e\000\040\000R\000e\000f\000e\000r\000e\000n\000c\000e}{chapter.7}% 87
\BOOKMARK [2][-]{subsection.7.12.1}{\376\377\0007\000.\0001\0002\000.\0001\000\040\000D\000e\000t\000a\000i\000l\000e\000d\000\040\000D\000e\000s\000c\000r\000i\000p\000t\000i\000o\000n}{section.7.12}% 88
\BOOKMARK [1][-]{section.7.13}{\376\377\0007\000.\0001\0003\000\040\000D\000:\000/\000U\000s\000e\000r\000s\000/\000G\000r\000e\000g\000o\000r\000y\000/\000O\000n\000e\000D\000r\000i\000v\000e\000/\000G\000i\000t\000H\000u\000b\000/\000I\000c\000o\000n\000M\000a\000g\000i\000c\000/\000S\000o\000u\000r\000c\000e\000/\000m\000a\000i\000n\000/\000W\000i\000n\000d\000o\000w\000s\000T\000o\000o\000l\000b\000o\000x\000.\000h\000p\000p\000\040\000F\000i\000l\000e\000\040\000R\000e\000f\000e\000r\000e\000n\000c\000e}{chapter.7}% 89
\BOOKMARK [2][-]{subsection.7.13.1}{\376\377\0007\000.\0001\0003\000.\0001\000\040\000D\000e\000t\000a\000i\000l\000e\000d\000\040\000D\000e\000s\000c\000r\000i\000p\000t\000i\000o\000n}{section.7.13}% 90
\BOOKMARK [1][-]{section.7.14}{\376\377\0007\000.\0001\0004\000\040\000D\000:\000/\000U\000s\000e\000r\000s\000/\000G\000r\000e\000g\000o\000r\000y\000/\000O\000n\000e\000D\000r\000i\000v\000e\000/\000G\000i\000t\000H\000u\000b\000/\000I\000c\000o\000n\000M\000a\000g\000i\000c\000/\000S\000o\000u\000r\000c\000e\000/\000t\000e\000s\000t\000/\000f\000r\000a\000m\000e\000w\000o\000r\000k\000.\000c\000p\000p\000\040\000F\000i\000l\000e\000\040\000R\000e\000f\000e\000r\000e\000n\000c\000e}{chapter.7}% 91
\BOOKMARK [2][-]{subsection.7.14.1}{\376\377\0007\000.\0001\0004\000.\0001\000\040\000D\000e\000t\000a\000i\000l\000e\000d\000\040\000D\000e\000s\000c\000r\000i\000p\000t\000i\000o\000n}{section.7.14}% 92
\BOOKMARK [1][-]{section.7.15}{\376\377\0007\000.\0001\0005\000\040\000D\000:\000/\000U\000s\000e\000r\000s\000/\000G\000r\000e\000g\000o\000r\000y\000/\000O\000n\000e\000D\000r\000i\000v\000e\000/\000G\000i\000t\000H\000u\000b\000/\000I\000c\000o\000n\000M\000a\000g\000i\000c\000/\000S\000o\000u\000r\000c\000e\000/\000t\000e\000s\000t\000/\000R\000e\000g\000i\000s\000t\000r\000y\000H\000i\000s\000t\000o\000r\000y\000/\000R\000e\000g\000i\000s\000t\000r\000y\000H\000i\000s\000t\000o\000r\000y\000T\000e\000s\000t\000.\000c\000p\000p\000\040\000F\000i\000l\000e\000\040\000R\000e\000f\000e\000r\000e\000n\000c\000e}{chapter.7}% 93
\BOOKMARK [2][-]{subsection.7.15.1}{\376\377\0007\000.\0001\0005\000.\0001\000\040\000D\000e\000t\000a\000i\000l\000e\000d\000\040\000D\000e\000s\000c\000r\000i\000p\000t\000i\000o\000n}{section.7.15}% 94
\BOOKMARK [2][-]{subsection.7.15.2}{\376\377\0007\000.\0001\0005\000.\0002\000\040\000F\000u\000n\000c\000t\000i\000o\000n\000\040\000D\000o\000c\000u\000m\000e\000n\000t\000a\000t\000i\000o\000n}{section.7.15}% 95
\BOOKMARK [3][-]{subsubsection.7.15.2.1}{\376\377\0007\000.\0001\0005\000.\0002\000.\0001\000\040\000t\000e\000s\000t\000R\000e\000g\000i\000s\000t\000r\000y\000H\000i\000s\000t\000o\000r\000y\000\050\000i\000n\000t\000\040\000\046\000t\000o\000t\000a\000l\000\137\000t\000e\000s\000t\000s\000\137\000r\000u\000n\000,\000\040\000i\000n\000t\000\040\000\046\000t\000o\000t\000a\000l\000\137\000t\000e\000s\000t\000s\000\137\000r\000u\000n\000\137\000s\000u\000c\000c\000e\000s\000s\000f\000u\000l\000l\000y\000\051}{subsection.7.15.2}% 96
\BOOKMARK [1][-]{section.7.16}{\376\377\0007\000.\0001\0006\000\040\000D\000:\000/\000U\000s\000e\000r\000s\000/\000G\000r\000e\000g\000o\000r\000y\000/\000O\000n\000e\000D\000r\000i\000v\000e\000/\000G\000i\000t\000H\000u\000b\000/\000I\000c\000o\000n\000M\000a\000g\000i\000c\000/\000S\000o\000u\000r\000c\000e\000/\000t\000e\000s\000t\000/\000T\000e\000s\000t\000i\000n\000g\000.\000c\000p\000p\000\040\000F\000i\000l\000e\000\040\000R\000e\000f\000e\000r\000e\000n\000c\000e}{chapter.7}% 97
\BOOKMARK [2][-]{subsection.7.16.1}{\376\377\0007\000.\0001\0006\000.\0001\000\040\000D\000e\000t\000a\000i\000l\000e\000d\000\040\000D\000e\000s\000c\000r\000i\000p\000t\000i\000o\000n}{section.7.16}% 98
\BOOKMARK [1][-]{section.7.17}{\376\377\0007\000.\0001\0007\000\040\000D\000:\000/\000U\000s\000e\000r\000s\000/\000G\000r\000e\000g\000o\000r\000y\000/\000O\000n\000e\000D\000r\000i\000v\000e\000/\000G\000i\000t\000H\000u\000b\000/\000I\000c\000o\000n\000M\000a\000g\000i\000c\000/\000S\000o\000u\000r\000c\000e\000/\000t\000e\000s\000t\000/\000T\000e\000s\000t\000i\000n\000g\000.\000h\000p\000p\000\040\000F\000i\000l\000e\000\040\000R\000e\000f\000e\000r\000e\000n\000c\000e}{chapter.7}% 99
\BOOKMARK [2][-]{subsection.7.17.1}{\376\377\0007\000.\0001\0007\000.\0001\000\040\000D\000e\000t\000a\000i\000l\000e\000d\000\040\000D\000e\000s\000c\000r\000i\000p\000t\000i\000o\000n}{section.7.17}% 100
\BOOKMARK [0][-]{section*.56}{\376\377\000I\000n\000d\000e\000x}{}% 101
